2026-05-11T00:22:11.264254Z  WARN arx::coordinator: arx/src/coordinator.rs:148: On-chain IP 172.20.0.100 is not public
2026-05-11T00:22:11.270131Z  INFO arx::metrics: arx/src/metrics.rs:534: Node metrics initialized: version=0.9.7, cluster=0, node=0
2026-05-11T00:22:11.270192Z  INFO arx::coordinator: arx/src/coordinator.rs:166: node=0 peer_number=0 ip=172.20.0.100 peer_id=9805d9
2026-05-11T00:22:11.270253Z  INFO arx::coordinator: arx/src/coordinator.rs:173: peer ip=172.20.0.101 peer_id=5941b9
2026-05-11T00:22:11.270274Z  INFO arx::coordinator: arx/src/coordinator.rs:177: td ip=172.20.0.99 peer_id=1dfef5
2026-05-11T00:22:11.270288Z  INFO arx::coordinator: arx/src/coordinator.rs:186: Initializing network router on 0.0.0.0:8001
2026-05-11T00:22:11.275121Z  INFO arx::coordinator: arx/src/coordinator.rs:188: Network router initialized, connecting to peers and trusted dealer
2026-05-11T00:22:11.275207Z DEBUG arx::units::online_phase_unit::router: arx/src/units/online_phase_unit/router.rs:53: Connecting to peer 5941b9 at 172.20.0.101:8001
2026-05-11T00:22:11.275316Z DEBUG network::router::network_router: /home/runner/.cargo/git/checkouts/async-mpc-1dbbf554a14e7a32/3a609ae/network/src/router/network_router.rs:86: Handling connection request to peer 5941b9    
2026-05-11T00:22:11.275417Z DEBUG network::router::state::connection_handlers: /home/runner/.cargo/git/checkouts/async-mpc-1dbbf554a14e7a32/3a609ae/network/src/router/state/connection_handlers.rs:44: Handling internal connection request: ConnectionRequest { expected_peer_id: 5941b9, peer_addr: 172.20.0.101:8001, response_sender: Sender { inner: Some(Inner { state: State { is_complete: false, is_closed: false, is_rx_task_set: true, is_tx_task_set: false } }) } }    
2026-05-11T00:22:11.275451Z DEBUG network::router::state::connection_handlers: /home/runner/.cargo/git/checkouts/async-mpc-1dbbf554a14e7a32/3a609ae/network/src/router/state/connection_handlers.rs:65: Connection not established yet: 172.20.0.101:8001    
2026-05-11T00:22:11.275518Z DEBUG network::router::state::connection_handlers: /home/runner/.cargo/git/checkouts/async-mpc-1dbbf554a14e7a32/3a609ae/network/src/router/state/connection_handlers.rs:101: Connecting to peer: 172.20.0.101:8001    
2026-05-11T00:22:11.276387Z DEBUG network::router::state::connection_handlers: /home/runner/.cargo/git/checkouts/async-mpc-1dbbf554a14e7a32/3a609ae/network/src/router/state/connection_handlers.rs:129: Connecting and checking ID of peer: 172.20.0.101:8001    
2026-05-11T00:22:11.276529Z DEBUG network::router::state::connection_handlers: /home/runner/.cargo/git/checkouts/async-mpc-1dbbf554a14e7a32/3a609ae/network/src/router/state/connection_handlers.rs:83: Established connection to peer: 172.20.0.101:8001    
2026-05-11T00:22:11.276558Z DEBUG network::router::network_router: /home/runner/.cargo/git/checkouts/async-mpc-1dbbf554a14e7a32/3a609ae/network/src/router/network_router.rs:92: Connection request to peer 5941b9 handled    
2026-05-11T00:22:12.279582Z DEBUG network::router::state::connection_handlers: /home/runner/.cargo/git/checkouts/async-mpc-1dbbf554a14e7a32/3a609ae/network/src/router/state/connection_handlers.rs:302: Checking connection liveness to peer: 172.20.0.101:8001    
2026-05-11T00:22:12.281169Z DEBUG network::router::state::connection_handlers: /home/runner/.cargo/git/checkouts/async-mpc-1dbbf554a14e7a32/3a609ae/network/src/router/state/connection_handlers.rs:172: Outcome of connection to peer 172.20.0.101:8001 sent.    
2026-05-11T00:22:12.281239Z DEBUG network::router::state::connection_handlers: /home/runner/.cargo/git/checkouts/async-mpc-1dbbf554a14e7a32/3a609ae/network/src/router/state/connection_handlers.rs:192: Handling established connection to peer: 172.20.0.101:8001    
2026-05-11T00:22:12.281503Z  INFO network::router::state::substream_handlers: /home/runner/.cargo/git/checkouts/async-mpc-1dbbf554a14e7a32/3a609ae/network/src/router/state/substream_handlers.rs:260: Listening to substream requests from address 172.20.0.101:8001.    
2026-05-11T00:22:12.281717Z DEBUG arx::units::online_phase_unit::router: arx/src/units/online_phase_unit/router.rs:58: Successfully connected to peer 5941b9 at 172.20.0.101:8001
2026-05-11T00:22:12.281825Z  INFO arx::coordinator: arx/src/coordinator.rs:201: Connected to peers
2026-05-11T00:22:12.281847Z DEBUG arx::units::online_phase_unit::router: arx/src/units/online_phase_unit/router.rs:53: Connecting to peer 1dfef5 at 172.20.0.99:8012
2026-05-11T00:22:12.283342Z DEBUG network::router::network_router: /home/runner/.cargo/git/checkouts/async-mpc-1dbbf554a14e7a32/3a609ae/network/src/router/network_router.rs:86: Handling connection request to peer 1dfef5    
2026-05-11T00:22:12.283403Z DEBUG network::router::state::connection_handlers: /home/runner/.cargo/git/checkouts/async-mpc-1dbbf554a14e7a32/3a609ae/network/src/router/state/connection_handlers.rs:44: Handling internal connection request: ConnectionRequest { expected_peer_id: 1dfef5, peer_addr: 172.20.0.99:8012, response_sender: Sender { inner: Some(Inner { state: State { is_complete: false, is_closed: false, is_rx_task_set: true, is_tx_task_set: false } }) } }    
2026-05-11T00:22:12.283425Z DEBUG network::router::state::connection_handlers: /home/runner/.cargo/git/checkouts/async-mpc-1dbbf554a14e7a32/3a609ae/network/src/router/state/connection_handlers.rs:65: Connection not established yet: 172.20.0.99:8012    
2026-05-11T00:22:12.283434Z DEBUG network::router::state::connection_handlers: /home/runner/.cargo/git/checkouts/async-mpc-1dbbf554a14e7a32/3a609ae/network/src/router/state/connection_handlers.rs:101: Connecting to peer: 172.20.0.99:8012    
2026-05-11T00:22:12.283788Z DEBUG network::router::state::connection_handlers: /home/runner/.cargo/git/checkouts/async-mpc-1dbbf554a14e7a32/3a609ae/network/src/router/state/connection_handlers.rs:129: Connecting and checking ID of peer: 172.20.0.99:8012    
2026-05-11T00:22:12.283875Z DEBUG network::router::state::connection_handlers: /home/runner/.cargo/git/checkouts/async-mpc-1dbbf554a14e7a32/3a609ae/network/src/router/state/connection_handlers.rs:83: Established connection to peer: 172.20.0.99:8012    
2026-05-11T00:22:12.283894Z DEBUG network::router::network_router: /home/runner/.cargo/git/checkouts/async-mpc-1dbbf554a14e7a32/3a609ae/network/src/router/network_router.rs:92: Connection request to peer 1dfef5 handled    
2026-05-11T00:22:12.286725Z DEBUG network::router::state::connection_handlers: /home/runner/.cargo/git/checkouts/async-mpc-1dbbf554a14e7a32/3a609ae/network/src/router/state/connection_handlers.rs:302: Checking connection liveness to peer: 172.20.0.99:8012    
2026-05-11T00:22:12.288074Z DEBUG network::router::state::connection_handlers: /home/runner/.cargo/git/checkouts/async-mpc-1dbbf554a14e7a32/3a609ae/network/src/router/state/connection_handlers.rs:172: Outcome of connection to peer 172.20.0.99:8012 sent.    
2026-05-11T00:22:12.288180Z DEBUG network::router::state::connection_handlers: /home/runner/.cargo/git/checkouts/async-mpc-1dbbf554a14e7a32/3a609ae/network/src/router/state/connection_handlers.rs:192: Handling established connection to peer: 172.20.0.99:8012    
2026-05-11T00:22:12.288347Z  INFO network::router::state::substream_handlers: /home/runner/.cargo/git/checkouts/async-mpc-1dbbf554a14e7a32/3a609ae/network/src/router/state/substream_handlers.rs:260: Listening to substream requests from address 172.20.0.99:8012.    
2026-05-11T00:22:12.288519Z DEBUG arx::units::online_phase_unit::router: arx/src/units/online_phase_unit/router.rs:58: Successfully connected to peer 1dfef5 at 172.20.0.99:8012
2026-05-11T00:22:12.288590Z  INFO arx::coordinator: arx/src/coordinator.rs:212: Connected to trusted dealer
2026-05-11T00:22:12.289119Z DEBUG arx::coordinator: arx/src/coordinator.rs:348: TD readiness check failed: Connection refused (os error 111)
2026-05-11T00:22:12.289198Z DEBUG arx::coordinator: arx/src/coordinator.rs:351: TD registration not ready, retrying (1/300)
2026-05-11T00:22:15.291693Z DEBUG arx::coordinator: arx/src/coordinator.rs:328: Trusted dealer registration port is ready!
2026-05-11T00:22:15.291972Z  INFO arx::coordinator: arx/src/coordinator.rs:218: Trusted dealer registration port is ready
2026-05-11T00:22:15.292706Z DEBUG arx::units::online_phase_unit::key_material: arx/src/units/online_phase_unit/key_material.rs:200: Loading key material from path /usr/arx-node/private-shares and /usr/arx-node/public-inputs
2026-05-11T00:22:15.293653Z  INFO arx: arx/src/main.rs:140: Starting metrics server
2026-05-11T00:22:15.293716Z  INFO arx: arx/src/main.rs:145: Starting ARX coordinator
2026-05-11T00:22:15.293739Z  INFO arx::units::cache_unit: arx/src/units/cache_unit.rs:100: Cache unit started
2026-05-11T00:22:15.293787Z  INFO arx::units::computation_transaction_unit: arx/src/units/computation_transaction_unit.rs:138: Computation transaction unit started
2026-05-11T00:22:15.293801Z  INFO arx::units::execpool_unit: arx/src/units/execpool_unit.rs:61: Execpool unit started
2026-05-11T00:22:15.293824Z  INFO arx::units::circuit_unit: arx/src/units/circuit_unit.rs:142: Circuit unit started
2026-05-11T00:22:15.293850Z  INFO arx::units::mempool_unit: arx/src/units/mempool_unit.rs:59: Mempool unit started
2026-05-11T00:22:15.293887Z  INFO arx::units::computation_unit: arx/src/units/computation_unit.rs:104: Inputs unit started
2026-05-11T00:22:15.293965Z  INFO arx::program: arx/src/program.rs:302: Pub/sub client started (MempoolWrapper)
2026-05-11T00:22:15.293976Z  INFO arx::program: arx/src/program.rs:302: Pub/sub client started (ExecpoolWrapper)
2026-05-11T00:22:15.293976Z  INFO arx::units::node_transaction_unit: arx/src/units/node_transaction_unit.rs:65: Node transaction unit started
2026-05-11T00:22:15.294001Z  INFO arx::units::node_transaction_unit: arx/src/units/node_transaction_unit.rs:67: Activating node
2026-05-11T00:22:15.294092Z  INFO arx::units::online_phase_unit: arx/src/units/online_phase_unit.rs:137: Online phase unit started
2026-05-11T00:22:15.294141Z  INFO arx::units::bls_unit: arx/src/units/bls_unit.rs:108: BLS unit started
2026-05-11T00:22:15.294135Z  INFO arx::units::state_unit: arx/src/units/state_unit.rs:112: State unit started
2026-05-11T00:22:15.294187Z  INFO arx::coordinator: arx/src/coordinator.rs:364: Coordinator started
2026-05-11T00:22:15.294284Z  INFO arx::metrics: arx/src/metrics.rs:322: Metrics server listening on http://0.0.0.0:9091/metrics
2026-05-11T00:22:15.297279Z DEBUG arx::program: arx/src/program.rs:392: Received account subscription update (MempoolWrapper)
2026-05-11T00:22:15.297423Z  INFO arx::program: arx/src/program.rs:396: Subscribing to account 9rUSnh5VrMtRUrJrgAUwcyWvL9NYkscAsDFS5RjPW6Da (MempoolWrapper)
2026-05-11T00:22:15.300420Z DEBUG arx::program: arx/src/program.rs:392: Received account subscription update (ExecpoolWrapper)
2026-05-11T00:22:15.300477Z  INFO arx::program: arx/src/program.rs:396: Subscribing to account 9EDLm5KDKc1Pf8m587kdxPMvQBNETNahcCfHLNcQ1M8W (ExecpoolWrapper)
2026-05-11T00:22:15.344172Z  INFO arx::program: arx/src/program.rs:409: Fetching initial state for account 9rUSnh5VrMtRUrJrgAUwcyWvL9NYkscAsDFS5RjPW6Da (MempoolWrapper)
2026-05-11T00:22:15.344172Z  INFO arx::program: arx/src/program.rs:409: Fetching initial state for account 9EDLm5KDKc1Pf8m587kdxPMvQBNETNahcCfHLNcQ1M8W (ExecpoolWrapper)
2026-05-11T00:22:15.360023Z DEBUG arx::units::mempool_unit: arx/src/units/mempool_unit.rs:92: Received mempool update for account
2026-05-11T00:22:15.360657Z DEBUG arx::units::execpool_unit: arx/src/units/execpool_unit.rs:95: Received execpool update with 1 computations
2026-05-11T00:22:15.361810Z DEBUG arx::units::mempool_unit: arx/src/units/mempool_unit.rs:122: Mempool contains the same computations, skipping update
2026-05-11T00:22:15.862125Z  INFO arx::units::node_transaction_unit: arx/src/units/node_transaction_unit.rs:70: Node activated
2026-05-11T00:22:15.862284Z  INFO arx::coordinator: arx/src/coordinator.rs:396: Node activated, coordinator running
2026-05-11T00:22:15.862329Z DEBUG arx::coordinator: arx/src/coordinator.rs:696: Coordinator received execpool unit Computation offset: 16886091867726627738 (index: 0, slot: 13)
2026-05-11T00:22:15.862347Z DEBUG arx::units::state_unit: arx/src/units/state_unit.rs:285: Processing execpool update
2026-05-11T00:22:15.862396Z DEBUG arx::units::state_unit: arx/src/units/state_unit.rs:322: Prefetching and executing computation: Computation offset: 16886091867726627738 (index: 0, slot: 13)
2026-05-11T00:22:15.862399Z DEBUG arx::units::cache_unit: arx/src/units/cache_unit.rs:193: Processing queued computation: Computation offset: 16886091867726627738
2026-05-11T00:22:15.862414Z DEBUG arx::coordinator: arx/src/coordinator.rs:845: Coordinator received state unit message: prefetch computation: Computation offset: 16886091867726627738
2026-05-11T00:22:15.862426Z DEBUG arx::units::cache_unit: arx/src/units/cache_unit.rs:206: Processing set index for computation Computation offset: 16886091867726627738: 0
2026-05-11T00:22:15.862429Z DEBUG arx::coordinator: arx/src/coordinator.rs:855: Coordinator received state unit message: execute computation: Computation offset: 16886091867726627738 (index: 0, slot: 13)
2026-05-11T00:22:15.862437Z DEBUG arx::units::cache_unit: arx/src/units/cache_unit.rs:169: Updating execpool indexes: [0]
2026-05-11T00:22:15.862450Z DEBUG arx::units::cache_unit: arx/src/units/cache_unit.rs:173: Filtered execpool indexes: [0]
2026-05-11T00:22:15.862462Z DEBUG arx::units::cache_unit: arx/src/units/cache_unit.rs:375: Executing pending computations in order
2026-05-11T00:22:15.862474Z DEBUG arx::units::cache_unit: arx/src/units/cache_unit.rs:393: Finished executing pending computations
2026-05-11T00:22:15.863871Z DEBUG arx::coordinator: arx/src/coordinator.rs:625: Coordinator prefetched computation Computation offset 16886091867726627738 (MxeKeygen)
2026-05-11T00:22:15.863968Z DEBUG arx::coordinator: arx/src/coordinator.rs:642: Coordinator fetched computation Computation offset 16886091867726627738 (MxeKeygen) inputs
2026-05-11T00:22:15.864006Z DEBUG arx::units::cache_unit: arx/src/units/cache_unit.rs:218: Processing fetched Computation offset 16886091867726627738 (MxeKeygen)
2026-05-11T00:22:15.864041Z DEBUG arx::units::cache_unit: arx/src/units/cache_unit.rs:320: Processing fetched inputs: Computation offset 16886091867726627738 (MxeKeygen)
2026-05-11T00:22:15.864195Z DEBUG arx::units::circuit_unit: arx/src/units/circuit_unit.rs:241: Processing computation definition: A9RsgWfNkKKJ8Lw9zUUxnHNjEZzMGCGvFJEo2JXPMaMp
2026-05-11T00:22:15.865276Z DEBUG arx::units::circuit_unit: arx/src/units/circuit_unit.rs:410: Fetching local circuit data from: /usr/arx-node/circuits/mxe_keygen/circuit.arcis
2026-05-11T00:22:16.132718Z DEBUG arx::coordinator: arx/src/coordinator.rs:522: Coordinator received circuit info: CircuitInfo A9RsgWfNkKKJ8Lw9zUUxnHNjEZzMGCGvFJEo2JXPMaMp
2026-05-11T00:22:16.132852Z DEBUG arx::units::cache_unit: arx/src/units/cache_unit.rs:245: Processing fetched circuit: CircuitInfo A9RsgWfNkKKJ8Lw9zUUxnHNjEZzMGCGvFJEo2JXPMaMp
2026-05-11T00:22:16.132915Z DEBUG arx::units::cache_unit: arx/src/units/cache_unit.rs:263: Computation ready for execution: Computation offset 16886091867726627738 with computation definition A9RsgWfNkKKJ8Lw9zUUxnHNjEZzMGCGvFJEo2JXPMaMp (0 -> 0) (index: 0)
2026-05-11T00:22:16.132956Z DEBUG arx::units::cache_unit: arx/src/units/cache_unit.rs:375: Executing pending computations in order
2026-05-11T00:22:16.132976Z DEBUG arx::units::cache_unit: arx/src/units/cache_unit.rs:383: Executing computation Computation offset 16886091867726627738 with computation definition A9RsgWfNkKKJ8Lw9zUUxnHNjEZzMGCGvFJEo2JXPMaMp (0 -> 0) at index 0
2026-05-11T00:22:16.132995Z DEBUG arx::units::cache_unit: arx/src/units/cache_unit.rs:393: Finished executing pending computations
2026-05-11T00:22:16.133056Z DEBUG arx::coordinator: arx/src/coordinator.rs:462: Coordinator received cache unit prefetched computation: Computation offset: 16886091867726627738
2026-05-11T00:22:16.133133Z DEBUG arx::coordinator: arx/src/coordinator.rs:472: Coordinator received cache unit execute computation: Computation offset 16886091867726627738 with computation definition A9RsgWfNkKKJ8Lw9zUUxnHNjEZzMGCGvFJEo2JXPMaMp (0 -> 0)
2026-05-11T00:22:16.133224Z DEBUG arx::units::online_phase_unit: arx/src/units/online_phase_unit.rs:188: Connecting to peers (Computation offset 16886091867726627738 (MxeKeygen))
2026-05-11T00:22:16.133324Z DEBUG arx::units::online_phase_unit::router: arx/src/units/online_phase_unit/router.rs:53: Connecting to peer 5941b9 at 172.20.0.101:8001
2026-05-11T00:22:16.133356Z DEBUG arx::units::state_unit: arx/src/units/state_unit.rs:345: Processing prefetched computation
2026-05-11T00:22:16.133369Z DEBUG network::router::network_router: /home/runner/.cargo/git/checkouts/async-mpc-1dbbf554a14e7a32/3a609ae/network/src/router/network_router.rs:86: Handling connection request to peer 5941b9    
2026-05-11T00:22:16.133390Z DEBUG network::router::state::connection_handlers: /home/runner/.cargo/git/checkouts/async-mpc-1dbbf554a14e7a32/3a609ae/network/src/router/state/connection_handlers.rs:44: Handling internal connection request: ConnectionRequest { expected_peer_id: 5941b9, peer_addr: 172.20.0.101:8001, response_sender: Sender { inner: Some(Inner { state: State { is_complete: false, is_closed: false, is_rx_task_set: true, is_tx_task_set: false } }) } }    
2026-05-11T00:22:16.133406Z DEBUG network::router::state::connection_handlers: /home/runner/.cargo/git/checkouts/async-mpc-1dbbf554a14e7a32/3a609ae/network/src/router/state/connection_handlers.rs:60: Connection already established: 172.20.0.101:8001    
2026-05-11T00:22:16.133414Z DEBUG network::router::network_router: /home/runner/.cargo/git/checkouts/async-mpc-1dbbf554a14e7a32/3a609ae/network/src/router/network_router.rs:92: Connection request to peer 5941b9 handled    
2026-05-11T00:22:16.133428Z DEBUG arx::units::online_phase_unit::router: arx/src/units/online_phase_unit/router.rs:58: Successfully connected to peer 5941b9 at 172.20.0.101:8001
2026-05-11T00:22:16.133438Z DEBUG arx::units::online_phase_unit: arx/src/units/online_phase_unit.rs:207: Connected to peers (Computation offset 16886091867726627738 (MxeKeygen))
2026-05-11T00:22:16.133447Z DEBUG arx::units::online_phase_unit: arx/src/units/online_phase_unit.rs:303: No preprocessing bundler, creating one...
2026-05-11T00:22:16.133457Z DEBUG arx::units::online_phase_unit::preprocessing_bundler: arx/src/units/online_phase_unit/preprocessing_bundler.rs:20: Attempting to connect to trusted dealer at 172.20.0.99:8012
2026-05-11T00:22:16.133465Z DEBUG arx::units::online_phase_unit::router: arx/src/units/online_phase_unit/router.rs:53: Connecting to peer 1dfef5 at 172.20.0.99:8012
2026-05-11T00:22:16.133523Z DEBUG network::router::network_router: /home/runner/.cargo/git/checkouts/async-mpc-1dbbf554a14e7a32/3a609ae/network/src/router/network_router.rs:86: Handling connection request to peer 1dfef5    
2026-05-11T00:22:16.133541Z DEBUG network::router::state::connection_handlers: /home/runner/.cargo/git/checkouts/async-mpc-1dbbf554a14e7a32/3a609ae/network/src/router/state/connection_handlers.rs:44: Handling internal connection request: ConnectionRequest { expected_peer_id: 1dfef5, peer_addr: 172.20.0.99:8012, response_sender: Sender { inner: Some(Inner { state: State { is_complete: false, is_closed: false, is_rx_task_set: true, is_tx_task_set: false } }) } }    
2026-05-11T00:22:16.133553Z DEBUG network::router::state::connection_handlers: /home/runner/.cargo/git/checkouts/async-mpc-1dbbf554a14e7a32/3a609ae/network/src/router/state/connection_handlers.rs:60: Connection already established: 172.20.0.99:8012    
2026-05-11T00:22:16.133560Z DEBUG network::router::network_router: /home/runner/.cargo/git/checkouts/async-mpc-1dbbf554a14e7a32/3a609ae/network/src/router/network_router.rs:92: Connection request to peer 1dfef5 handled    
2026-05-11T00:22:16.133570Z DEBUG arx::units::online_phase_unit::router: arx/src/units/online_phase_unit/router.rs:58: Successfully connected to peer 1dfef5 at 172.20.0.99:8012
2026-05-11T00:22:16.133579Z DEBUG arx::units::online_phase_unit::preprocessing_bundler: arx/src/units/online_phase_unit/preprocessing_bundler.rs:36: Successfully connected to trusted dealer QUIC endpoint
2026-05-11T00:22:16.134207Z DEBUG arx::units::online_phase_unit::preprocessing_bundler: arx/src/units/online_phase_unit/preprocessing_bundler.rs:46: Protocol 114278540768390112115541985195303305472 registered successfully
2026-05-11T00:22:16.134242Z DEBUG arx::units::online_phase_unit::preprocessing_bundler: arx/src/units/online_phase_unit/preprocessing_bundler.rs:49: Creating dealer client bundler for protocol 114278540768390112115541985195303305472
2026-05-11T00:22:16.134263Z DEBUG network::router::network_router: /home/runner/.cargo/git/checkouts/async-mpc-1dbbf554a14e7a32/3a609ae/network/src/router/network_router.rs:112: Opening substream for protocol (114278540768390112115541985195303305472, 0) with peer 1dfef5    
2026-05-11T00:22:16.134344Z  INFO network::router::network_router: /home/runner/.cargo/git/checkouts/async-mpc-1dbbf554a14e7a32/3a609ae/network/src/router/network_router.rs:287: Opened substreams for protocol 114278540768390112115541985195303305472    
2026-05-11T00:22:16.134415Z DEBUG network::router::network_router: /home/runner/.cargo/git/checkouts/async-mpc-1dbbf554a14e7a32/3a609ae/network/src/router/network_router.rs:112: Opening substream for protocol (114278540768390112115541985195303305473, 0) with peer 1dfef5    
2026-05-11T00:22:16.134881Z  INFO network::router::network_router: /home/runner/.cargo/git/checkouts/async-mpc-1dbbf554a14e7a32/3a609ae/network/src/router/network_router.rs:287: Opened substreams for protocol 114278540768390112115541985195303305473    
2026-05-11T00:22:16.134927Z DEBUG network::router::network_router: /home/runner/.cargo/git/checkouts/async-mpc-1dbbf554a14e7a32/3a609ae/network/src/router/network_router.rs:112: Opening substream for protocol (114278540768390112115541985195303305474, 0) with peer 1dfef5    
2026-05-11T00:22:16.135022Z  INFO network::router::network_router: /home/runner/.cargo/git/checkouts/async-mpc-1dbbf554a14e7a32/3a609ae/network/src/router/network_router.rs:287: Opened substreams for protocol 114278540768390112115541985195303305474    
2026-05-11T00:22:16.135052Z DEBUG network::router::network_router: /home/runner/.cargo/git/checkouts/async-mpc-1dbbf554a14e7a32/3a609ae/network/src/router/network_router.rs:112: Opening substream for protocol (114278540768390112115541985195303305475, 0) with peer 1dfef5    
2026-05-11T00:22:16.135073Z  INFO network::router::network_router: /home/runner/.cargo/git/checkouts/async-mpc-1dbbf554a14e7a32/3a609ae/network/src/router/network_router.rs:287: Opened substreams for protocol 114278540768390112115541985195303305475    
2026-05-11T00:22:16.135084Z DEBUG network::router::network_router: /home/runner/.cargo/git/checkouts/async-mpc-1dbbf554a14e7a32/3a609ae/network/src/router/network_router.rs:112: Opening substream for protocol (114278540768390112115541985195303305476, 0) with peer 1dfef5    
2026-05-11T00:22:16.135095Z  INFO network::router::network_router: /home/runner/.cargo/git/checkouts/async-mpc-1dbbf554a14e7a32/3a609ae/network/src/router/network_router.rs:287: Opened substreams for protocol 114278540768390112115541985195303305476    
2026-05-11T00:22:16.135106Z DEBUG network::router::network_router: /home/runner/.cargo/git/checkouts/async-mpc-1dbbf554a14e7a32/3a609ae/network/src/router/network_router.rs:112: Opening substream for protocol (114278540768390112115541985195303305477, 0) with peer 1dfef5    
2026-05-11T00:22:16.135489Z  INFO network::router::network_router: /home/runner/.cargo/git/checkouts/async-mpc-1dbbf554a14e7a32/3a609ae/network/src/router/network_router.rs:287: Opened substreams for protocol 114278540768390112115541985195303305477    
2026-05-11T00:22:16.135927Z DEBUG network::router::network_router: /home/runner/.cargo/git/checkouts/async-mpc-1dbbf554a14e7a32/3a609ae/network/src/router/network_router.rs:112: Opening substream for protocol (114278540768390112115541985195303305478, 0) with peer 1dfef5    
2026-05-11T00:22:16.135990Z  INFO network::router::network_router: /home/runner/.cargo/git/checkouts/async-mpc-1dbbf554a14e7a32/3a609ae/network/src/router/network_router.rs:287: Opened substreams for protocol 114278540768390112115541985195303305478    
2026-05-11T00:22:16.136134Z DEBUG network::router::network_router: /home/runner/.cargo/git/checkouts/async-mpc-1dbbf554a14e7a32/3a609ae/network/src/router/network_router.rs:112: Opening substream for protocol (114278540768390112115541985195303305479, 0) with peer 1dfef5    
2026-05-11T00:22:16.136352Z  INFO network::router::network_router: /home/runner/.cargo/git/checkouts/async-mpc-1dbbf554a14e7a32/3a609ae/network/src/router/network_router.rs:287: Opened substreams for protocol 114278540768390112115541985195303305479    
2026-05-11T00:22:16.136438Z DEBUG network::router::network_router: /home/runner/.cargo/git/checkouts/async-mpc-1dbbf554a14e7a32/3a609ae/network/src/router/network_router.rs:112: Opening substream for protocol (114278540768390112115541985195303305480, 0) with peer 1dfef5    
2026-05-11T00:22:16.136523Z  INFO network::router::network_router: /home/runner/.cargo/git/checkouts/async-mpc-1dbbf554a14e7a32/3a609ae/network/src/router/network_router.rs:287: Opened substreams for protocol 114278540768390112115541985195303305480    
2026-05-11T00:22:16.136562Z DEBUG network::router::network_router: /home/runner/.cargo/git/checkouts/async-mpc-1dbbf554a14e7a32/3a609ae/network/src/router/network_router.rs:112: Opening substream for protocol (114278540768390112115541985195303305481, 0) with peer 1dfef5    
2026-05-11T00:22:16.136598Z  INFO network::router::network_router: /home/runner/.cargo/git/checkouts/async-mpc-1dbbf554a14e7a32/3a609ae/network/src/router/network_router.rs:287: Opened substreams for protocol 114278540768390112115541985195303305481    
2026-05-11T00:22:16.136677Z DEBUG network::router::network_router: /home/runner/.cargo/git/checkouts/async-mpc-1dbbf554a14e7a32/3a609ae/network/src/router/network_router.rs:112: Opening substream for protocol (114278540768390112115541985195303305482, 0) with peer 1dfef5    
2026-05-11T00:22:16.136952Z  INFO network::router::network_router: /home/runner/.cargo/git/checkouts/async-mpc-1dbbf554a14e7a32/3a609ae/network/src/router/network_router.rs:287: Opened substreams for protocol 114278540768390112115541985195303305482    
2026-05-11T00:22:16.136986Z DEBUG network::router::network_router: /home/runner/.cargo/git/checkouts/async-mpc-1dbbf554a14e7a32/3a609ae/network/src/router/network_router.rs:112: Opening substream for protocol (114278540768390112115541985195303305483, 0) with peer 1dfef5    
2026-05-11T00:22:16.137304Z  INFO network::router::network_router: /home/runner/.cargo/git/checkouts/async-mpc-1dbbf554a14e7a32/3a609ae/network/src/router/network_router.rs:287: Opened substreams for protocol 114278540768390112115541985195303305483    
2026-05-11T00:22:16.137493Z DEBUG arx::units::online_phase_unit::preprocessing_bundler: arx/src/units/online_phase_unit/preprocessing_bundler.rs:58: Successfully created dealer client bundler
2026-05-11T00:22:16.137533Z DEBUG network::router::network_router: /home/runner/.cargo/git/checkouts/async-mpc-1dbbf554a14e7a32/3a609ae/network/src/router/network_router.rs:112: Opening substream for protocol (16886091867726627738, 0) with peer 5941b9    
2026-05-11T00:22:16.137569Z  INFO network::router::network_router: /home/runner/.cargo/git/checkouts/async-mpc-1dbbf554a14e7a32/3a609ae/network/src/router/network_router.rs:287: Opened substreams for protocol 16886091867726627738    
2026-05-11T00:22:16.759979Z  INFO arx::units::online_phase_unit: arx/src/units/online_phase_unit.rs:364: Protocol built successfully (Computation offset 16886091867726627738 (MxeKeygen))
2026-05-11T00:22:16.760290Z  INFO arx::units::online_phase_unit: arx/src/units/online_phase_unit.rs:434: Processing Cerberus Computation offset 16886091867726627738 (MxeKeygen)
2026-05-11T00:22:16.760298Z DEBUG arx::coordinator: arx/src/coordinator.rs:794: Coordinator received protocol built for computation: Computation offset: 16886091867726627738
2026-05-11T00:22:16.760383Z DEBUG arx::units::state_unit: arx/src/units/state_unit.rs:141: Processing protocol built computation
2026-05-11T00:22:17.837154Z DEBUG arx::coordinator: arx/src/coordinator.rs:802: Coordinator received online unit output: Computation offset 16886091867726627738 (MxeKeygen) with unsigned success outputs of len 98
2026-05-11T00:22:17.837266Z DEBUG arx::units::bls_unit: arx/src/units/bls_unit.rs:126: BLS unit received signature request: Computation offset 16886091867726627738 (MxeKeygen) with unsigned success outputs of len 98
2026-05-11T00:22:17.837275Z  INFO network::labeled_interface::handlers: /home/runner/.cargo/git/checkouts/async-mpc-1dbbf554a14e7a32/3a609ae/network/src/labeled_interface/handlers.rs:91: Interface 9805d9 dropped.    
2026-05-11T00:22:17.837292Z DEBUG arx::units::bls_unit: arx/src/units/bls_unit.rs:182: Message to sign for Computation offset 16886091867726627738, length: 171
2026-05-11T00:22:17.837386Z  INFO network::labeled_interface::interface: /home/runner/.cargo/git/checkouts/async-mpc-1dbbf554a14e7a32/3a609ae/network/src/labeled_interface/interface.rs:450: Interface 9805d9 dropped.    
2026-05-11T00:22:17.837439Z DEBUG arx::units::state_unit: arx/src/units/state_unit.rs:149: Processing outputted computation
2026-05-11T00:22:17.837452Z DEBUG arx::units::online_phase_unit: arx/src/units/online_phase_unit.rs:157: Setting MXE key material for BPBSsUSFQYGxvzmAtToS7zqZYVfs1Hutkt7uZayJTq8W
2026-05-11T00:22:17.837738Z DEBUG arx::units::bls_unit: arx/src/units/bls_unit.rs:238: Not ready to aggregate signatures for Computation offset 16886091867726627738, our signature will be stored but not aggregated
2026-05-11T00:22:17.838504Z  INFO network::labeled_interface::handlers: /home/runner/.cargo/git/checkouts/async-mpc-1dbbf554a14e7a32/3a609ae/network/src/labeled_interface/handlers.rs:53: Receiver channel from peer 0 to us (9805d9) closed.    
2026-05-11T00:22:17.838537Z  INFO network::router::state::substream_handlers: /home/runner/.cargo/git/checkouts/async-mpc-1dbbf554a14e7a32/3a609ae/network/src/router/state/substream_handlers.rs:240: Removed protocol ID (16886091867726627738, 0) for peer 5941b9.    
2026-05-11T00:22:17.838619Z DEBUG arx::units::bls_unit: arx/src/units/bls_unit.rs:462: Pushed signature to peer 172.20.0.101:8002
2026-05-11T00:22:17.839679Z DEBUG arx::units::bls_unit: arx/src/units/bls_unit.rs:142: BLS unit accepted connection from 172.20.0.101:60510
2026-05-11T00:22:17.839902Z DEBUG arx::units::bls_unit: arx/src/units/bls_unit.rs:157: BLS unit received incoming signature for Computation offset 16886091867726627738 from 172.20.0.101
2026-05-11T00:22:17.844778Z DEBUG arx::units::bls_unit: arx/src/units/bls_unit.rs:274: Stored signature for Computation offset 16886091867726627738 (1/1)
2026-05-11T00:22:17.845195Z DEBUG arx::units::bls_unit: arx/src/units/bls_unit.rs:161: BLS unit processed incoming signature for Computation offset 16886091867726627738
2026-05-11T00:22:17.845265Z DEBUG arx::coordinator: arx/src/coordinator.rs:420: Coordinator received bls unit output: Computation offset 16886091867726627738 (MxeKeygen) Signed computation output with data with unsigned success outputs of len 98 and sig [44, 233, 103, 207, 17, 71, 146, 155, 217, 53, 241, 148, 175, 228, 80, 245, 123, 238, 233, 62, 195, 235, 83, 162, 66, 222, 122, 7, 220, 46, 226, 180, 25, 18, 241, 125, 163, 6, 24, 227, 16, 145, 30, 131, 21, 133, 16, 185, 154, 31, 140, 169, 235, 73, 162, 214, 86, 227, 31, 109, 111, 3, 97, 139]
2026-05-11T00:22:17.845385Z DEBUG arx::units::state_unit: arx/src/units/state_unit.rs:157: Processing signed computation
2026-05-11T00:22:17.845454Z DEBUG arx::units::computation_transaction_unit: arx/src/units/computation_transaction_unit.rs:429: Processing callback for computation Computation offset 16886091867726627738 (MxeKeygen)
2026-05-11T00:22:17.848198Z DEBUG arx::units::computation_transaction_unit::keygen: arx/src/units/computation_transaction_unit/keygen.rs:86: ElGamal pubkey validity proof verification passed
2026-05-11T00:22:18.352709Z DEBUG arx::units::computation_transaction_unit::keygen: arx/src/units/computation_transaction_unit/keygen.rs:119: Sent set_mxe_keys tx for mxe BPBSsUSFQYGxvzmAtToS7zqZYVfs1Hutkt7uZayJTq8W with sig KHDwFf9eyuCLHcbqLqGDXhDgZaY2sCQi3KcYD8oLqV2L1YJJHMz3HHREhExnWnNRBbPyJbfQvrWjaKiy8HBWQNY
2026-05-11T00:22:25.833986Z DEBUG arx::program: arx/src/program.rs:454: Received update for account 9EDLm5KDKc1Pf8m587kdxPMvQBNETNahcCfHLNcQ1M8W (ExecpoolWrapper)
2026-05-11T00:22:25.835407Z DEBUG arx::program: arx/src/program.rs:454: Received update for account 9rUSnh5VrMtRUrJrgAUwcyWvL9NYkscAsDFS5RjPW6Da (MempoolWrapper)
2026-05-11T00:22:25.923739Z DEBUG arx::program: arx/src/program.rs:332: Processing 1 latest updates for subscribed accounts (MempoolWrapper)
2026-05-11T00:22:25.923965Z DEBUG arx::units::mempool_unit: arx/src/units/mempool_unit.rs:92: Received mempool update for account
2026-05-11T00:22:25.925342Z DEBUG arx::units::mempool_unit: arx/src/units/mempool_unit.rs:122: Mempool contains the same computations, skipping update
2026-05-11T00:22:25.926534Z DEBUG arx::program: arx/src/program.rs:332: Processing 1 latest updates for subscribed accounts (ExecpoolWrapper)
2026-05-11T00:22:25.926615Z DEBUG arx::units::execpool_unit: arx/src/units/execpool_unit.rs:95: Received execpool update with 0 computations
2026-05-11T00:22:25.926696Z DEBUG arx::units::state_unit: arx/src/units/state_unit.rs:285: Processing execpool update
2026-05-11T00:22:25.926716Z DEBUG arx::units::state_unit: arx/src/units/state_unit.rs:300: Computation timings
Computation offset: 16886091867726627738
|-> prefetch    :       +0ms
|-> prefetched  :     +270ms
|-> execute     :       +0ms
|-> protocol    :     +898ms
|-> output      :    +1076ms
|-> signed      :       +7ms
|-> executed    :    +5955ms
|-> TOTAL       :     8206ms

2026-05-11T00:22:25.926789Z DEBUG arx::units::state_unit: arx/src/units/state_unit.rs:306: Removing computation from execpool: Computation offset: 16886091867726627738
2026-05-11T00:22:25.926817Z DEBUG arx::units::cache_unit: arx/src/units/cache_unit.rs:169: Updating execpool indexes: []
2026-05-11T00:22:25.926849Z DEBUG arx::units::cache_unit: arx/src/units/cache_unit.rs:173: Filtered execpool indexes: []
2026-05-11T00:22:25.926846Z DEBUG arx::coordinator: arx/src/coordinator.rs:875: Coordinator received state unit message: executed computation: Computation offset: 16886091867726627738
2026-05-11T00:22:25.926858Z DEBUG arx::units::cache_unit: arx/src/units/cache_unit.rs:375: Executing pending computations in order
2026-05-11T00:22:25.926872Z DEBUG arx::units::cache_unit: arx/src/units/cache_unit.rs:393: Finished executing pending computations
2026-05-11T00:22:25.926883Z DEBUG arx::units::cache_unit: arx/src/units/cache_unit.rs:356: Processing executed computation: Computation offset: 16886091867726627738
2026-05-11T00:22:25.926891Z  WARN arx::units::cache_unit: arx/src/units/cache_unit.rs:367: Computation info not found in cache: Computation offset: 16886091867726627738
2026-05-11T00:22:27.012639Z DEBUG arx::units::computation_transaction_unit: arx/src/units/computation_transaction_unit.rs:899: Versioned callback computation tx for mxe BPBSsUSFQYGxvzmAtToS7zqZYVfs1Hutkt7uZayJTq8W already sent
2026-05-11T00:22:27.012817Z DEBUG arx::coordinator: arx/src/coordinator.rs:571: Coordinator received computation transaction unit callback computation: Computation offset: 16886091867726627738
2026-05-11T00:22:27.012846Z DEBUG arx::units::state_unit: arx/src/units/state_unit.rs:361: Processing executed computation
2026-05-11T00:22:27.012866Z DEBUG arx::units::cache_unit: arx/src/units/cache_unit.rs:356: Processing executed computation: Computation offset: 16886091867726627738
2026-05-11T00:22:27.012881Z  WARN arx::units::cache_unit: arx/src/units/cache_unit.rs:367: Computation info not found in cache: Computation offset: 16886091867726627738
2026-05-11T00:23:28.055574Z DEBUG arx::program: arx/src/program.rs:361: Checking for stale accounts, found 1 stale accounts (MempoolWrapper)
2026-05-11T00:23:28.057797Z  WARN arx::program: arx/src/program.rs:369: No update for account 9rUSnh5VrMtRUrJrgAUwcyWvL9NYkscAsDFS5RjPW6Da in 60s, re-fetching (MempoolWrapper)
2026-05-11T00:23:28.058139Z DEBUG arx::program: arx/src/program.rs:361: Checking for stale accounts, found 1 stale accounts (ExecpoolWrapper)
2026-05-11T00:23:28.059441Z  WARN arx::program: arx/src/program.rs:369: No update for account 9EDLm5KDKc1Pf8m587kdxPMvQBNETNahcCfHLNcQ1M8W in 60s, re-fetching (ExecpoolWrapper)
2026-05-11T00:23:28.061964Z DEBUG arx::units::mempool_unit: arx/src/units/mempool_unit.rs:92: Received mempool update for account
2026-05-11T00:23:28.062388Z DEBUG arx::units::execpool_unit: arx/src/units/execpool_unit.rs:95: Received execpool update with 0 computations
2026-05-11T00:23:28.062466Z DEBUG arx::units::execpool_unit: arx/src/units/execpool_unit.rs:125: Execpool contains the same computations, skipping update
2026-05-11T00:23:28.064002Z DEBUG arx::units::mempool_unit: arx/src/units/mempool_unit.rs:122: Mempool contains the same computations, skipping update
2026-05-11T00:24:32.411182Z DEBUG arx::program: arx/src/program.rs:361: Checking for stale accounts, found 1 stale accounts (MempoolWrapper)
2026-05-11T00:24:32.412872Z  WARN arx::program: arx/src/program.rs:369: No update for account 9rUSnh5VrMtRUrJrgAUwcyWvL9NYkscAsDFS5RjPW6Da in 60s, re-fetching (MempoolWrapper)
2026-05-11T00:24:32.413274Z DEBUG arx::program: arx/src/program.rs:361: Checking for stale accounts, found 1 stale accounts (ExecpoolWrapper)
2026-05-11T00:24:32.414523Z  WARN arx::program: arx/src/program.rs:369: No update for account 9EDLm5KDKc1Pf8m587kdxPMvQBNETNahcCfHLNcQ1M8W in 60s, re-fetching (ExecpoolWrapper)
2026-05-11T00:24:32.416873Z DEBUG arx::units::mempool_unit: arx/src/units/mempool_unit.rs:92: Received mempool update for account
2026-05-11T00:24:32.417008Z DEBUG arx::units::mempool_unit: arx/src/units/mempool_unit.rs:122: Mempool contains the same computations, skipping update
2026-05-11T00:24:32.417140Z DEBUG arx::units::execpool_unit: arx/src/units/execpool_unit.rs:95: Received execpool update with 0 computations
2026-05-11T00:24:32.417213Z DEBUG arx::units::execpool_unit: arx/src/units/execpool_unit.rs:125: Execpool contains the same computations, skipping update
2026-05-11T00:25:36.723401Z DEBUG arx::program: arx/src/program.rs:361: Checking for stale accounts, found 1 stale accounts (MempoolWrapper)
2026-05-11T00:25:36.725472Z  WARN arx::program: arx/src/program.rs:369: No update for account 9rUSnh5VrMtRUrJrgAUwcyWvL9NYkscAsDFS5RjPW6Da in 60s, re-fetching (MempoolWrapper)
2026-05-11T00:25:36.726912Z DEBUG arx::program: arx/src/program.rs:361: Checking for stale accounts, found 1 stale accounts (ExecpoolWrapper)
2026-05-11T00:25:36.728950Z  WARN arx::program: arx/src/program.rs:369: No update for account 9EDLm5KDKc1Pf8m587kdxPMvQBNETNahcCfHLNcQ1M8W in 60s, re-fetching (ExecpoolWrapper)
2026-05-11T00:25:36.729935Z DEBUG arx::units::mempool_unit: arx/src/units/mempool_unit.rs:92: Received mempool update for account
2026-05-11T00:25:36.730258Z DEBUG arx::units::execpool_unit: arx/src/units/execpool_unit.rs:95: Received execpool update with 0 computations
2026-05-11T00:25:36.730328Z DEBUG arx::units::execpool_unit: arx/src/units/execpool_unit.rs:125: Execpool contains the same computations, skipping update
2026-05-11T00:25:36.730753Z DEBUG arx::units::mempool_unit: arx/src/units/mempool_unit.rs:122: Mempool contains the same computations, skipping update
2026-05-11T00:26:41.155387Z DEBUG arx::program: arx/src/program.rs:361: Checking for stale accounts, found 1 stale accounts (MempoolWrapper)
2026-05-11T00:26:41.157389Z  WARN arx::program: arx/src/program.rs:369: No update for account 9rUSnh5VrMtRUrJrgAUwcyWvL9NYkscAsDFS5RjPW6Da in 60s, re-fetching (MempoolWrapper)
2026-05-11T00:26:41.158721Z DEBUG arx::program: arx/src/program.rs:361: Checking for stale accounts, found 1 stale accounts (ExecpoolWrapper)
2026-05-11T00:26:41.159873Z  WARN arx::program: arx/src/program.rs:369: No update for account 9EDLm5KDKc1Pf8m587kdxPMvQBNETNahcCfHLNcQ1M8W in 60s, re-fetching (ExecpoolWrapper)
2026-05-11T00:26:41.161478Z DEBUG arx::units::mempool_unit: arx/src/units/mempool_unit.rs:92: Received mempool update for account
2026-05-11T00:26:41.161814Z DEBUG arx::units::execpool_unit: arx/src/units/execpool_unit.rs:95: Received execpool update with 0 computations
2026-05-11T00:26:41.161899Z DEBUG arx::units::execpool_unit: arx/src/units/execpool_unit.rs:125: Execpool contains the same computations, skipping update
2026-05-11T00:26:41.163771Z DEBUG arx::units::mempool_unit: arx/src/units/mempool_unit.rs:122: Mempool contains the same computations, skipping update
2026-05-11T00:27:45.933987Z DEBUG arx::program: arx/src/program.rs:361: Checking for stale accounts, found 1 stale accounts (MempoolWrapper)
2026-05-11T00:27:45.936168Z  WARN arx::program: arx/src/program.rs:369: No update for account 9rUSnh5VrMtRUrJrgAUwcyWvL9NYkscAsDFS5RjPW6Da in 60s, re-fetching (MempoolWrapper)
2026-05-11T00:27:45.937642Z DEBUG arx::program: arx/src/program.rs:361: Checking for stale accounts, found 1 stale accounts (ExecpoolWrapper)
2026-05-11T00:27:45.939179Z  WARN arx::program: arx/src/program.rs:369: No update for account 9EDLm5KDKc1Pf8m587kdxPMvQBNETNahcCfHLNcQ1M8W in 60s, re-fetching (ExecpoolWrapper)
2026-05-11T00:27:45.940042Z DEBUG arx::units::mempool_unit: arx/src/units/mempool_unit.rs:92: Received mempool update for account
2026-05-11T00:27:45.940135Z DEBUG arx::units::mempool_unit: arx/src/units/mempool_unit.rs:122: Mempool contains the same computations, skipping update
2026-05-11T00:27:45.940316Z DEBUG arx::units::execpool_unit: arx/src/units/execpool_unit.rs:95: Received execpool update with 0 computations
2026-05-11T00:27:45.940461Z DEBUG arx::units::execpool_unit: arx/src/units/execpool_unit.rs:125: Execpool contains the same computations, skipping update
2026-05-11T00:28:50.436176Z DEBUG arx::program: arx/src/program.rs:361: Checking for stale accounts, found 1 stale accounts (MempoolWrapper)
2026-05-11T00:28:50.438504Z DEBUG arx::program: arx/src/program.rs:361: Checking for stale accounts, found 1 stale accounts (ExecpoolWrapper)
2026-05-11T00:28:50.438653Z  WARN arx::program: arx/src/program.rs:369: No update for account 9rUSnh5VrMtRUrJrgAUwcyWvL9NYkscAsDFS5RjPW6Da in 60s, re-fetching (MempoolWrapper)
2026-05-11T00:28:50.439107Z  WARN arx::program: arx/src/program.rs:369: No update for account 9EDLm5KDKc1Pf8m587kdxPMvQBNETNahcCfHLNcQ1M8W in 60s, re-fetching (ExecpoolWrapper)
2026-05-11T00:28:50.447165Z DEBUG arx::units::mempool_unit: arx/src/units/mempool_unit.rs:92: Received mempool update for account
2026-05-11T00:28:50.447479Z DEBUG arx::units::execpool_unit: arx/src/units/execpool_unit.rs:95: Received execpool update with 0 computations
2026-05-11T00:28:50.447524Z DEBUG arx::units::execpool_unit: arx/src/units/execpool_unit.rs:125: Execpool contains the same computations, skipping update
2026-05-11T00:28:50.455108Z DEBUG arx::units::mempool_unit: arx/src/units/mempool_unit.rs:122: Mempool contains the same computations, skipping update
2026-05-11T00:29:54.902468Z DEBUG arx::program: arx/src/program.rs:361: Checking for stale accounts, found 1 stale accounts (MempoolWrapper)
2026-05-11T00:29:54.906695Z DEBUG arx::program: arx/src/program.rs:361: Checking for stale accounts, found 1 stale accounts (ExecpoolWrapper)
2026-05-11T00:29:54.907717Z  WARN arx::program: arx/src/program.rs:369: No update for account 9rUSnh5VrMtRUrJrgAUwcyWvL9NYkscAsDFS5RjPW6Da in 60s, re-fetching (MempoolWrapper)
2026-05-11T00:29:54.908450Z  WARN arx::program: arx/src/program.rs:369: No update for account 9EDLm5KDKc1Pf8m587kdxPMvQBNETNahcCfHLNcQ1M8W in 60s, re-fetching (ExecpoolWrapper)
2026-05-11T00:29:54.912939Z DEBUG arx::units::execpool_unit: arx/src/units/execpool_unit.rs:95: Received execpool update with 0 computations
2026-05-11T00:29:54.913084Z DEBUG arx::units::execpool_unit: arx/src/units/execpool_unit.rs:125: Execpool contains the same computations, skipping update
2026-05-11T00:29:54.916632Z DEBUG arx::units::mempool_unit: arx/src/units/mempool_unit.rs:92: Received mempool update for account
2026-05-11T00:29:54.925770Z DEBUG arx::units::mempool_unit: arx/src/units/mempool_unit.rs:122: Mempool contains the same computations, skipping update
2026-05-11T00:30:57.206244Z DEBUG arx::program: arx/src/program.rs:361: Checking for stale accounts, found 1 stale accounts (MempoolWrapper)
2026-05-11T00:30:57.209815Z DEBUG arx::program: arx/src/program.rs:361: Checking for stale accounts, found 1 stale accounts (ExecpoolWrapper)
2026-05-11T00:30:57.211197Z  WARN arx::program: arx/src/program.rs:369: No update for account 9rUSnh5VrMtRUrJrgAUwcyWvL9NYkscAsDFS5RjPW6Da in 60s, re-fetching (MempoolWrapper)
2026-05-11T00:30:57.211412Z  WARN arx::program: arx/src/program.rs:369: No update for account 9EDLm5KDKc1Pf8m587kdxPMvQBNETNahcCfHLNcQ1M8W in 60s, re-fetching (ExecpoolWrapper)
2026-05-11T00:30:57.216346Z DEBUG arx::units::mempool_unit: arx/src/units/mempool_unit.rs:92: Received mempool update for account
2026-05-11T00:30:57.216691Z DEBUG arx::units::mempool_unit: arx/src/units/mempool_unit.rs:122: Mempool contains the same computations, skipping update
2026-05-11T00:30:57.217812Z DEBUG arx::units::execpool_unit: arx/src/units/execpool_unit.rs:95: Received execpool update with 0 computations
2026-05-11T00:30:57.217903Z DEBUG arx::units::execpool_unit: arx/src/units/execpool_unit.rs:125: Execpool contains the same computations, skipping update
2026-05-11T00:32:01.941589Z DEBUG arx::program: arx/src/program.rs:361: Checking for stale accounts, found 1 stale accounts (MempoolWrapper)
2026-05-11T00:32:01.943659Z DEBUG arx::program: arx/src/program.rs:361: Checking for stale accounts, found 1 stale accounts (ExecpoolWrapper)
2026-05-11T00:32:01.944415Z  WARN arx::program: arx/src/program.rs:369: No update for account 9rUSnh5VrMtRUrJrgAUwcyWvL9NYkscAsDFS5RjPW6Da in 60s, re-fetching (MempoolWrapper)
2026-05-11T00:32:01.945770Z  WARN arx::program: arx/src/program.rs:369: No update for account 9EDLm5KDKc1Pf8m587kdxPMvQBNETNahcCfHLNcQ1M8W in 60s, re-fetching (ExecpoolWrapper)
2026-05-11T00:32:01.952148Z DEBUG arx::units::mempool_unit: arx/src/units/mempool_unit.rs:92: Received mempool update for account
2026-05-11T00:32:01.952654Z DEBUG arx::units::execpool_unit: arx/src/units/execpool_unit.rs:95: Received execpool update with 0 computations
2026-05-11T00:32:01.952726Z DEBUG arx::units::execpool_unit: arx/src/units/execpool_unit.rs:125: Execpool contains the same computations, skipping update
2026-05-11T00:32:01.960925Z DEBUG arx::units::mempool_unit: arx/src/units/mempool_unit.rs:122: Mempool contains the same computations, skipping update
